{
  "RSpec": {
    "coverage": {
      "/Users/mariagetmanova/Desktop/Makers_Projects/GildedRose-Refactoring-Kata/spec/gilded_rose_spec.rb": [
        1,
        1,
        null,
        1,
        null,
        1,
        1,
        1,
        1,
        1,
        null,
        null,
        null,
        1,
        null,
        null,
        null
      ],
      "/Users/mariagetmanova/Desktop/Makers_Projects/GildedRose-Refactoring-Kata/lib/gilded_rose.rb": [
        1,
        1,
        1,
        null,
        1,
        1,
        null,
        1,
        1,
        1,
        1,
        null,
        null,
        1,
        0,
        0,
        0,
        null,
        null,
        null
      ],
      "/Users/mariagetmanova/Desktop/Makers_Projects/GildedRose-Refactoring-Kata/lib/item.rb": [
        1,
        null,
        1,
        1,
        null,
        1,
        14,
        14,
        14,
        null,
        null,
        1,
        1,
        null,
        null
      ],
      "/Users/mariagetmanova/Desktop/Makers_Projects/GildedRose-Refactoring-Kata/lib/item_quality_calculator.rb": [
        1,
        1,
        1,
        null,
        1,
        1,
        null,
        1,
        1,
        1,
        null,
        1,
        null,
        null,
        null,
        null,
        1,
        1,
        1,
        null,
        null,
        1,
        0,
        0,
        0,
        null,
        0,
        0,
        0,
        0,
        null,
        null,
        1,
        null,
        1,
        0,
        null,
        null,
        null
      ],
      "/Users/mariagetmanova/Desktop/Makers_Projects/GildedRose-Refactoring-Kata/lib/item_quality_multiplier.rb": [
        1,
        null,
        1,
        1,
        null,
        1,
        null,
        1,
        6,
        null,
        null,
        1,
        4,
        4,
        4,
        4,
        4,
        4,
        null,
        null,
        null
      ],
      "/Users/mariagetmanova/Desktop/Makers_Projects/GildedRose-Refactoring-Kata/lib/item_categorizer.rb": [
        1,
        null,
        1,
        null,
        1,
        11,
        10,
        8,
        5,
        3,
        null,
        null,
        1,
        null,
        1,
        8,
        null,
        null,
        1,
        10,
        null,
        null,
        1,
        5,
        null,
        null,
        1,
        11,
        null,
        null
      ],
      "/Users/mariagetmanova/Desktop/Makers_Projects/GildedRose-Refactoring-Kata/lib/item_categories.rb": [
        1,
        1,
        1,
        1,
        1,
        1,
        null
      ],
      "/Users/mariagetmanova/Desktop/Makers_Projects/GildedRose-Refactoring-Kata/lib/item_quality_change_step.rb": [
        1,
        null,
        1,
        1,
        null,
        1,
        1,
        null,
        null,
        1,
        0,
        0,
        null,
        0,
        0,
        null,
        null,
        1,
        null,
        1,
        0,
        0,
        0,
        0,
        null,
        null,
        1,
        0,
        null,
        null,
        1,
        0,
        null,
        null,
        null,
        null,
        null
      ],
      "/Users/mariagetmanova/Desktop/Makers_Projects/GildedRose-Refactoring-Kata/lib/item_sell_in_calculator.rb": [
        1,
        null,
        1,
        1,
        null,
        1,
        4,
        null,
        null,
        1,
        2,
        2,
        null,
        null,
        null
      ],
      "/Users/mariagetmanova/Desktop/Makers_Projects/GildedRose-Refactoring-Kata/spec/item_categorizer_spec.rb": [
        1,
        1,
        null,
        1,
        1,
        6,
        2,
        2,
        2,
        2,
        2,
        null,
        null,
        1,
        1,
        null,
        null,
        1,
        1,
        null,
        null,
        1,
        1,
        null,
        null,
        1,
        1,
        null,
        null,
        1,
        1,
        null,
        null,
        null
      ],
      "/Users/mariagetmanova/Desktop/Makers_Projects/GildedRose-Refactoring-Kata/spec/item_quality_multiplier_spec.rb": [
        1,
        1,
        null,
        1,
        6,
        2,
        2,
        1,
        2,
        2,
        null,
        1,
        1,
        1,
        1,
        null,
        null,
        null,
        1,
        5,
        null,
        1,
        1,
        null,
        null,
        1,
        1,
        null,
        null,
        1,
        1,
        null,
        1,
        1,
        null,
        null,
        null,
        null
      ],
      "/Users/mariagetmanova/Desktop/Makers_Projects/GildedRose-Refactoring-Kata/spec/item_sell_in_calculator_spec.rb": [
        1,
        1,
        null,
        1,
        null,
        4,
        2,
        2,
        null,
        null,
        1,
        1,
        null,
        null,
        1,
        1,
        null,
        null,
        null,
        1,
        3,
        null,
        1,
        1,
        null,
        null,
        1,
        1,
        null,
        null,
        null
      ],
      "/Users/mariagetmanova/Desktop/Makers_Projects/GildedRose-Refactoring-Kata/spec/item_spec.rb": [
        1,
        null,
        1,
        1,
        1,
        1,
        1,
        1,
        1,
        null,
        null,
        null,
        1,
        1,
        1,
        1,
        null,
        null,
        null
      ]
    },
    "timestamp": 1527167552
  }
}
